<?xml version="1.0" encoding="UTF-8" ?>
<testsuite tests="12" failures="0" name="org.diff.gestalt.GestaltDiffImplTest" time="0.038" errors="0" skipped="0">
  <properties>
[...]
</properties>
  <testcase classname="org.diff.gestalt.GestaltDiffImplTest" name="testFindLongesEqualStringWithImaginaryMatrix_Equal_2" time="0.02"/>
  <testcase classname="org.diff.gestalt.GestaltDiffImplTest" name="testFindLongesEqualStringWithImaginaryMatrix_Equal_3" time="0.001"/>
  <testcase classname="org.diff.gestalt.GestaltDiffImplTest" name="testFindLongesEqualStringWithImaginaryMatrix_Equal_4" time="0"/>
  <testcase classname="org.diff.gestalt.GestaltDiffImplTest" name="testFindLongesEqualStringWithImaginaryMatrix_Equal_5" time="0.001"/>
  <testcase classname="org.diff.gestalt.GestaltDiffImplTest" name="testFindLongesEqualStringWithImaginaryMatrix_Equal_6" time="0"/>
  <testcase classname="org.diff.gestalt.GestaltDiffImplTest" name="testFindLongesEqualStringWithImaginaryMatrix_Equal_7" time="0.001"/>
  <testcase classname="org.diff.gestalt.GestaltDiffImplTest" name="testFindLongesEqualStringWithImaginaryMatrix_Equal" time="0.001"/>
  <testcase classname="org.diff.gestalt.GestaltDiffImplTest" name="testDiffStrings_1" time="0.011"/>
  <testcase classname="org.diff.gestalt.GestaltDiffImplTest" name="testDiffListChars_Change" time="0.001"/>
  <testcase classname="org.diff.gestalt.GestaltDiffImplTest" name="testDiffListChars_Delete" time="0"/>
  <testcase classname="org.diff.gestalt.GestaltDiffImplTest" name="testDiffListChars_Equals" time="0"/>
  <testcase classname="org.diff.gestalt.GestaltDiffImplTest" name="testDiffListChars_Insert" time="0.002"/>
</testsuite>